<?xml version="1.0" encoding="UTF-8"?>
<!-- Generated by org.testng.reporters.JUnitXMLReporter -->
<testsuite ignored="0" hostname="DESKTOP-CM073JB" failures="0" tests="2" name="Set" time="3.948" errors="0" timestamp="2021-04-15T00:26:04 BST">
  <testcase classname="base.BaseTest" name="@BeforeMethod methodSetUp" time="2.202">
    <failure type="org.openqa.selenium.SessionNotCreatedException" message="session not created: This version of ChromeDriver only supports Chrome version 83
Build info: version: &amp;apos;3.141.59&amp;apos;, revision: &amp;apos;e82be7d358&amp;apos;, time: &amp;apos;2018-11-14T08:17:03&amp;apos;
System info: host: &amp;apos;DESKTOP-CM073JB&amp;apos;, ip: &amp;apos;192.168.1.87&amp;apos;, os.name: &amp;apos;Windows 10&amp;apos;, os.arch: &amp;apos;amd64&amp;apos;, os.version: &amp;apos;10.0&amp;apos;, java.version: &amp;apos;14.0.2&amp;apos;
Driver info: driver.version: ChromeDriver
remote stacktrace: Backtrace:
	Ordinal0 [0x00939563+2725219]
	Ordinal0 [0x00838551+1672529]
	Ordinal0 [0x00720359+525145]
	Ordinal0 [0x006B0B77+68471]
	Ordinal0 [0x006AD32C+54060]
	Ordinal0 [0x006CCC37+183351]
	Ordinal0 [0x006CCA3D+182845]
	Ordinal0 [0x006CA94B+174411]
	Ordinal0 [0x006B2528+75048]
	Ordinal0 [0x006B35A0+79264]
	Ordinal0 [0x006B3539+79161]
	Ordinal0 [0x0084D607+1758727]
	GetHandleVerifier [0x00A56546+1050150]
	GetHandleVerifier [0x00A56291+1049457]
	GetHandleVerifier [0x00A610D7+1094071]
	GetHandleVerifier [0x00A56B46+1051686]
	Ordinal0 [0x00845B06+1727238]
	Ordinal0 [0x0084EB7B+1764219]
	Ordinal0 [0x0084ECE3+1764579]
	Ordinal0 [0x00864C05+1854469]
	BaseThreadInitThunk [0x7677FA29+25]
	RtlGetAppContainerNamedObjectPath [0x772B7C7E+286]
	RtlGetAppContainerNamedObjectPath [0x772B7C4E+238]
">
      <![CDATA[org.openqa.selenium.SessionNotCreatedException: session not created: This version of ChromeDriver only supports Chrome version 83
Build info: version: '3.141.59', revision: 'e82be7d358', time: '2018-11-14T08:17:03'
System info: host: 'DESKTOP-CM073JB', ip: '192.168.1.87', os.name: 'Windows 10', os.arch: 'amd64', os.version: '10.0', java.version: '14.0.2'
Driver info: driver.version: ChromeDriver
remote stacktrace: Backtrace:
Ordinal0 [0x00939563+2725219]
Ordinal0 [0x00838551+1672529]
Ordinal0 [0x00720359+525145]
Ordinal0 [0x006B0B77+68471]
Ordinal0 [0x006AD32C+54060]
Ordinal0 [0x006CCC37+183351]
Ordinal0 [0x006CCA3D+182845]
Ordinal0 [0x006CA94B+174411]
Ordinal0 [0x006B2528+75048]
Ordinal0 [0x006B35A0+79264]
Ordinal0 [0x006B3539+79161]
Ordinal0 [0x0084D607+1758727]
GetHandleVerifier [0x00A56546+1050150]
GetHandleVerifier [0x00A56291+1049457]
GetHandleVerifier [0x00A610D7+1094071]
GetHandleVerifier [0x00A56B46+1051686]
Ordinal0 [0x00845B06+1727238]
Ordinal0 [0x0084EB7B+1764219]
Ordinal0 [0x0084ECE3+1764579]
Ordinal0 [0x00864C05+1854469]
BaseThreadInitThunk [0x7677FA29+25]
RtlGetAppContainerNamedObjectPath [0x772B7C7E+286]
RtlGetAppContainerNamedObjectPath [0x772B7C4E+238]

at org.openqa.selenium.remote.W3CHandshakeResponse.lambda$errorHandler$0(W3CHandshakeResponse.java:62)
at org.openqa.selenium.remote.HandshakeResponse.lambda$getResponseFunction$0(HandshakeResponse.java:30)
at org.openqa.selenium.remote.ProtocolHandshake.lambda$createSession$0(ProtocolHandshake.java:126)
at java.base/java.util.stream.ReferencePipeline$3$1.accept(ReferencePipeline.java:195)
at java.base/java.util.Spliterators$ArraySpliterator.tryAdvance(Spliterators.java:958)
at java.base/java.util.stream.ReferencePipeline.forEachWithCancel(ReferencePipeline.java:127)
at java.base/java.util.stream.AbstractPipeline.copyIntoWithCancel(AbstractPipeline.java:502)
at java.base/java.util.stream.AbstractPipeline.copyInto(AbstractPipeline.java:488)
at java.base/java.util.stream.AbstractPipeline.wrapAndCopyInto(AbstractPipeline.java:474)
at java.base/java.util.stream.FindOps$FindOp.evaluateSequential(FindOps.java:150)
at java.base/java.util.stream.AbstractPipeline.evaluate(AbstractPipeline.java:234)
at java.base/java.util.stream.ReferencePipeline.findFirst(ReferencePipeline.java:543)
at org.openqa.selenium.remote.ProtocolHandshake.createSession(ProtocolHandshake.java:128)
at org.openqa.selenium.remote.ProtocolHandshake.createSession(ProtocolHandshake.java:74)
at org.openqa.selenium.remote.HttpCommandExecutor.execute(HttpCommandExecutor.java:136)
at org.openqa.selenium.remote.service.DriverCommandExecutor.execute(DriverCommandExecutor.java:83)
at org.openqa.selenium.remote.RemoteWebDriver.execute(RemoteWebDriver.java:552)
at org.openqa.selenium.remote.RemoteWebDriver.startSession(RemoteWebDriver.java:213)
at org.openqa.selenium.remote.RemoteWebDriver.<init>(RemoteWebDriver.java:131)
at org.openqa.selenium.chrome.ChromeDriver.<init>(ChromeDriver.java:181)
at org.openqa.selenium.chrome.ChromeDriver.<init>(ChromeDriver.java:168)
at org.openqa.selenium.chrome.ChromeDriver.<init>(ChromeDriver.java:123)
at base.BrowserFactory.getDriver(BrowserFactory.java:23)
at base.BaseTest.methodSetUp(BaseTest.java:25)
at java.base/java.util.ArrayList.forEach(ArrayList.java:1511)
at java.base/java.util.concurrent.FutureTask.run(FutureTask.java:264)
at java.base/java.util.concurrent.ThreadPoolExecutor.runWorker(ThreadPoolExecutor.java:1130)
at java.base/java.util.concurrent.ThreadPoolExecutor$Worker.run(ThreadPoolExecutor.java:630)
at java.base/java.lang.Thread.run(Thread.java:832)
... Removed 27 stack frames]]>
    </failure>
  </testcase> <!-- @BeforeMethod methodSetUp -->
  <testcase classname="base.BaseTest" name="@AfterMethod methodTearDown" time="0.0">
    <failure type="java.lang.NullPointerException">
      <![CDATA[java.lang.NullPointerException
at base.BaseTest.methodTearDown(BaseTest.java:31)
at java.base/java.util.ArrayList.forEach(ArrayList.java:1511)
at java.base/java.util.concurrent.FutureTask.run(FutureTask.java:264)
at java.base/java.util.concurrent.ThreadPoolExecutor.runWorker(ThreadPoolExecutor.java:1130)
at java.base/java.util.concurrent.ThreadPoolExecutor$Worker.run(ThreadPoolExecutor.java:630)
at java.base/java.lang.Thread.run(Thread.java:832)
... Removed 23 stack frames]]>
    </failure>
  </testcase> <!-- @AfterMethod methodTearDown -->
  <testcase classname="base.BaseTest" name="@BeforeMethod methodSetUp" time="1.523">
    <failure type="org.openqa.selenium.SessionNotCreatedException" message="session not created: This version of ChromeDriver only supports Chrome version 83
Build info: version: &amp;apos;3.141.59&amp;apos;, revision: &amp;apos;e82be7d358&amp;apos;, time: &amp;apos;2018-11-14T08:17:03&amp;apos;
System info: host: &amp;apos;DESKTOP-CM073JB&amp;apos;, ip: &amp;apos;192.168.1.87&amp;apos;, os.name: &amp;apos;Windows 10&amp;apos;, os.arch: &amp;apos;amd64&amp;apos;, os.version: &amp;apos;10.0&amp;apos;, java.version: &amp;apos;14.0.2&amp;apos;
Driver info: driver.version: ChromeDriver
remote stacktrace: Backtrace:
	Ordinal0 [0x00939563+2725219]
	Ordinal0 [0x00838551+1672529]
	Ordinal0 [0x00720359+525145]
	Ordinal0 [0x006B0B77+68471]
	Ordinal0 [0x006AD32C+54060]
	Ordinal0 [0x006CCC37+183351]
	Ordinal0 [0x006CCA3D+182845]
	Ordinal0 [0x006CA94B+174411]
	Ordinal0 [0x006B2528+75048]
	Ordinal0 [0x006B35A0+79264]
	Ordinal0 [0x006B3539+79161]
	Ordinal0 [0x0084D607+1758727]
	GetHandleVerifier [0x00A56546+1050150]
	GetHandleVerifier [0x00A56291+1049457]
	GetHandleVerifier [0x00A610D7+1094071]
	GetHandleVerifier [0x00A56B46+1051686]
	Ordinal0 [0x00845B06+1727238]
	Ordinal0 [0x0084EB7B+1764219]
	Ordinal0 [0x0084ECE3+1764579]
	Ordinal0 [0x00864C05+1854469]
	BaseThreadInitThunk [0x7677FA29+25]
	RtlGetAppContainerNamedObjectPath [0x772B7C7E+286]
	RtlGetAppContainerNamedObjectPath [0x772B7C4E+238]
">
      <![CDATA[org.openqa.selenium.SessionNotCreatedException: session not created: This version of ChromeDriver only supports Chrome version 83
Build info: version: '3.141.59', revision: 'e82be7d358', time: '2018-11-14T08:17:03'
System info: host: 'DESKTOP-CM073JB', ip: '192.168.1.87', os.name: 'Windows 10', os.arch: 'amd64', os.version: '10.0', java.version: '14.0.2'
Driver info: driver.version: ChromeDriver
remote stacktrace: Backtrace:
Ordinal0 [0x00939563+2725219]
Ordinal0 [0x00838551+1672529]
Ordinal0 [0x00720359+525145]
Ordinal0 [0x006B0B77+68471]
Ordinal0 [0x006AD32C+54060]
Ordinal0 [0x006CCC37+183351]
Ordinal0 [0x006CCA3D+182845]
Ordinal0 [0x006CA94B+174411]
Ordinal0 [0x006B2528+75048]
Ordinal0 [0x006B35A0+79264]
Ordinal0 [0x006B3539+79161]
Ordinal0 [0x0084D607+1758727]
GetHandleVerifier [0x00A56546+1050150]
GetHandleVerifier [0x00A56291+1049457]
GetHandleVerifier [0x00A610D7+1094071]
GetHandleVerifier [0x00A56B46+1051686]
Ordinal0 [0x00845B06+1727238]
Ordinal0 [0x0084EB7B+1764219]
Ordinal0 [0x0084ECE3+1764579]
Ordinal0 [0x00864C05+1854469]
BaseThreadInitThunk [0x7677FA29+25]
RtlGetAppContainerNamedObjectPath [0x772B7C7E+286]
RtlGetAppContainerNamedObjectPath [0x772B7C4E+238]

at org.openqa.selenium.remote.W3CHandshakeResponse.lambda$errorHandler$0(W3CHandshakeResponse.java:62)
at org.openqa.selenium.remote.HandshakeResponse.lambda$getResponseFunction$0(HandshakeResponse.java:30)
at org.openqa.selenium.remote.ProtocolHandshake.lambda$createSession$0(ProtocolHandshake.java:126)
at java.base/java.util.stream.ReferencePipeline$3$1.accept(ReferencePipeline.java:195)
at java.base/java.util.Spliterators$ArraySpliterator.tryAdvance(Spliterators.java:958)
at java.base/java.util.stream.ReferencePipeline.forEachWithCancel(ReferencePipeline.java:127)
at java.base/java.util.stream.AbstractPipeline.copyIntoWithCancel(AbstractPipeline.java:502)
at java.base/java.util.stream.AbstractPipeline.copyInto(AbstractPipeline.java:488)
at java.base/java.util.stream.AbstractPipeline.wrapAndCopyInto(AbstractPipeline.java:474)
at java.base/java.util.stream.FindOps$FindOp.evaluateSequential(FindOps.java:150)
at java.base/java.util.stream.AbstractPipeline.evaluate(AbstractPipeline.java:234)
at java.base/java.util.stream.ReferencePipeline.findFirst(ReferencePipeline.java:543)
at org.openqa.selenium.remote.ProtocolHandshake.createSession(ProtocolHandshake.java:128)
at org.openqa.selenium.remote.ProtocolHandshake.createSession(ProtocolHandshake.java:74)
at org.openqa.selenium.remote.HttpCommandExecutor.execute(HttpCommandExecutor.java:136)
at org.openqa.selenium.remote.service.DriverCommandExecutor.execute(DriverCommandExecutor.java:83)
at org.openqa.selenium.remote.RemoteWebDriver.execute(RemoteWebDriver.java:552)
at org.openqa.selenium.remote.RemoteWebDriver.startSession(RemoteWebDriver.java:213)
at org.openqa.selenium.remote.RemoteWebDriver.<init>(RemoteWebDriver.java:131)
at org.openqa.selenium.chrome.ChromeDriver.<init>(ChromeDriver.java:181)
at org.openqa.selenium.chrome.ChromeDriver.<init>(ChromeDriver.java:168)
at org.openqa.selenium.chrome.ChromeDriver.<init>(ChromeDriver.java:123)
at base.BrowserFactory.getDriver(BrowserFactory.java:23)
at base.BaseTest.methodSetUp(BaseTest.java:25)
at java.base/java.util.ArrayList.forEach(ArrayList.java:1511)
at java.base/java.util.concurrent.FutureTask.run(FutureTask.java:264)
at java.base/java.util.concurrent.ThreadPoolExecutor.runWorker(ThreadPoolExecutor.java:1130)
at java.base/java.util.concurrent.ThreadPoolExecutor$Worker.run(ThreadPoolExecutor.java:630)
at java.base/java.lang.Thread.run(Thread.java:832)
... Removed 27 stack frames]]>
    </failure>
  </testcase> <!-- @BeforeMethod methodSetUp -->
  <testcase classname="base.BaseTest" name="@AfterMethod methodTearDown" time="0.0">
    <failure type="java.lang.NullPointerException">
      <![CDATA[java.lang.NullPointerException
at base.BaseTest.methodTearDown(BaseTest.java:31)
at java.base/java.util.ArrayList.forEach(ArrayList.java:1511)
at java.base/java.util.concurrent.FutureTask.run(FutureTask.java:264)
at java.base/java.util.concurrent.ThreadPoolExecutor.runWorker(ThreadPoolExecutor.java:1130)
at java.base/java.util.concurrent.ThreadPoolExecutor$Worker.run(ThreadPoolExecutor.java:630)
at java.base/java.lang.Thread.run(Thread.java:832)
... Removed 23 stack frames]]>
    </failure>
  </testcase> <!-- @AfterMethod methodTearDown -->
  <testcase classname="test.TestScript" name="CareerSiteCountryFieldTest" time="0.0">
    <skipped/>
  </testcase> <!-- CareerSiteCountryFieldTest -->
  <testcase classname="test.TestScript" name="CareerSiteCountryFieldTest" time="0.0">
    <skipped/>
  </testcase> <!-- CareerSiteCountryFieldTest -->
</testsuite> <!-- Set -->
